     1  0000: 02 01 00  	LJMP	START
     2  0100:           	ORG	100H
     3  0100:           START:
     4  0100: 12 81 0C  	LCALL 	LCD_CLR
     5  0103: 74 24     	MOV	A,#24H
     6  0105: 12 81 04  	LCALL 	WRITE_HEX
     7  0108: 74 3D     	MOV	A,#'='
     8  010A: 12 81 02  	LCALL 	WRITE_DATA
     9  010D: 74 24     	MOV	A,#24H
    10  010F: 12 01 18  	LCALL 	TO_BCD
    11  0112: 12 81 04  	LCALL 	WRITE_HEX
    12                  
    13  0115: 02 01 15  	LJMP	$ ;- pozostañ w tym miejscu
    14                  
    15  0118:           TO_BCD:
    16                  	;ZAMIANA NA BCD -POCZ¥TEK
    17  0118: 75 F0 0A  	MOV B,#10; DZIELNIK
    18  011B: 84        	DIV AB; WYDZIELAMY CYFRE DZIESIATEK
    19  011C: C4        	SWAP A; PRZESUWAMY CYFRÊ DZIESI¥TEK NA WY¯SZY 4 BITY
    20  011D: 45 F0     	ORL A,B; DODAJEMY CYFRÊ JEDNOŒCI
    21                  	;ZAMIANA NA BCD -KONIEC
    22  011F: 22        	RET
