     1  0000: 02 01 00  	LJMP	START
     2  0100:           	ORG	100H
     3  0100:           START:
     4  0100: C2 D4     	CLR RS1
     5  0102: C2 D3     	CLR RS0
     6  0104: 79 00     	MOV R1,#0
     7  0106: C2 D4     	CLR RS1
     8  0108: D2 D3     	SETB RS0
     9  010A: 79 01     	MOV R1,#1
    10  010C: D2 D4     	SETB RS1
    11  010E: C2 D3     	CLR RS0
    12  0110: 79 02     	MOV R1,#2
    13  0112: D2 D4     	SETB RS1
    14  0114: D2 D3     	SETB RS0
    15  0116: 79 03     	MOV R1,#3
    16                  	
    17                  	
    18                  	;WYSWIETLANIE
    19  0118: C2 D4     	CLR RS1
    20  011A: C2 D3     	CLR RS0
    21  011C: 12 81 0C  	LCALL LCD_CLR
    22  011F: E9        	MOV A,R1
    23  0120: 12 81 04  	LCALL WRITE_HEX
    24                  	
    25  0123: C2 D4     	CLR RS1
    26  0125: D2 D3     	SETB RS0
    27  0127: 12 81 0C  	LCALL LCD_CLR
    28  012A: E9        	MOV A,R1
    29  012B: 12 81 04  	LCALL WRITE_HEX
    30                  	
    31  012E: D2 D4     	SETB RS1
    32  0130: C2 D3     	CLR RS0
    33  0132: 12 81 0C  	LCALL LCD_CLR
    34  0135: E9        	MOV A,R1
    35  0136: 12 81 04  	LCALL WRITE_HEX
    36                  	
    37  0139: D2 D4     	SETB RS1
    38  013B: D2 D3     	SETB RS0
    39  013D: 12 81 0C  	LCALL LCD_CLR
    40  0140: E9        	MOV A,R1
    41  0141: 12 81 04  	LCALL WRITE_HEX
    42                  	
    43                  	
    44                  	
    45                  	
    46  0144: 02 01 44  	LJMP	$ ;- pozostañ w pêtli
    47                  
