     1  0000: 02 01 00  	LJMP	START
     2  0100:           	ORG	100H
     3  0100:           START:
     4                  	;KOD PROGRAMU
     5  0100: D2 D4     	SETB RS1
     6  0102: D2 D3     	SETB RS0
     7  0104: 78 00     	MOV R0,#0
     8  0106: 79 01     	MOV R1,#1
     9  0108: 7A 02     	MOV R2,#2
    10  010A: 7B 03     	MOV R3,#3
    11  010C: 7C 04     	MOV R4,#4
    12  010E: 7D 05     	MOV R5,#5
    13  0110: 7E 06     	MOV R6,#6
    14  0112: 7F 07     	MOV R7,#7
    15  0114: 12 81 0C  	LCALL LCD_CLR
    16  0117: E5 1F     	MOV A, 1FH
    17                  	
    18  0119: 12 81 04  	LCALL WRITE_HEX
    19                  	
    20                  	
    21  011C: 02 01 1C  	LJMP	$ ;- pozostañ w pêtli
